<?xml version="1.0" encoding="UTF-8"?>
<!-- Generated by org.testng.reporters.JUnitXMLReporter -->
<testsuite ignored="0" hostname="DESKTOP-UTQBCI7" failures="0" tests="3" name="Test" time="0.254" errors="0" timestamp="2021-11-25T12:51:50 IST">
  <testcase classname="APITest.Demo_TestNG" name="testcase1" time="0.029"/>
  <testcase classname="APITest.Demo_TestNG" name="testcase2" time="0.007"/>
  <testcase classname="APITest.Demo2_TestNG" name="testcase3" time="0.008"/>
</testsuite> <!-- Test -->
